I, [2024-11-10T13:35:11.325740 #17036]  INFO -- : Starting parsing from https://www.yakaboo.ua/ua/knigi/business-money-economy.html
I, [2024-11-10T13:35:11.609543 #17036]  INFO -- : Found 0 product links to process.
I, [2024-11-10T13:35:11.791165 #17036]  INFO -- : Starting parsing from https://www.yakaboo.ua/ua/knigi/business-money-economy.html
I, [2024-11-10T13:35:12.023719 #17036]  INFO -- : Found 0 product links to process.
I, [2024-11-10T13:43:41.980279 #11796]  INFO -- : Starting parsing from https://www.yakaboo.ua/ua/knigi/business-money-economy.html
I, [2024-11-10T13:43:42.301730 #11796]  INFO -- : Found 50 product links to process.
I, [2024-11-10T13:43:42.699858 #11796]  INFO -- : Parsing product page: https://www.yakaboo.ua/ua/sadoterapija-jak-pozbutisja-bur-janiv-u-golovi.html
I, [2024-11-10T13:43:42.750203 #11796]  INFO -- : Parsing product page: https://www.yakaboo.ua/ua/jak-rozmovljati-bud-z-kim-bud-koli-i-bud-de.html
I, [2024-11-10T13:43:42.767840 #11796]  INFO -- : Parsing product page: https://www.yakaboo.ua/ua/psihologija-vplivu-onovleno-ta-dopovneno-2351481.html
I, [2024-11-10T13:43:42.789743 #11796]  INFO -- : Parsing product page: https://www.yakaboo.ua/ua/nikoli-ne-jdit-na-kompromis-tehnika-efektivnih-peregovoriv.html
I, [2024-11-10T13:43:42.793117 #11796]  INFO -- : Parsing product page: https://www.yakaboo.ua/ua/komplekt-emocijnij-intelekt-komplekt-z-2-knig.html
I, [2024-11-10T13:43:42.819696 #11796]  INFO -- : Parsing product page: https://www.yakaboo.ua/ua/riznobarvnij-menedzhment.html
I, [2024-11-10T13:43:42.851882 #11796]  INFO -- : Parsing product page: https://www.yakaboo.ua/ua/pravila-investuvannja-vorrena-baffeta-jak-zberigati-ta-primnozhuvati-kapital.html
I, [2024-11-10T13:43:42.852842 #11796]  INFO -- : Parsing product page: https://www.yakaboo.ua/ua/kniga-majstri-masshtabuvannja-neochevidni-istini-vid-najuspishnishih-pidpriemciv-svitu-rid-gofman-dzhu.html
I, [2024-11-10T13:43:42.855258 #11796]  INFO -- : Parsing product page: https://www.yakaboo.ua/ua/riznobarvnij-menedzhment-1580096.html
I, [2024-11-10T13:43:42.855392 #11796]  INFO -- : Parsing product page: https://www.yakaboo.ua/ua/zkonomika-jak-pokolinnja-z-zminjue-majbutne-biznesu.html
I, [2024-11-10T13:43:42.868607 #11796]  INFO -- : Parsing product page: https://www.yakaboo.ua/ua/dumaj-i-bagatij-2217783.html
I, [2024-11-10T13:43:42.870219 #11796]  INFO -- : Parsing product page: https://www.yakaboo.ua/ua/mistectvo-govoriti-taemnici-efektivnogo-spilkuvannja.html
I, [2024-11-10T13:43:42.873671 #11796]  INFO -- : Parsing product page: https://www.yakaboo.ua/ua/curly-menedzhment-jak-upravljati-proektami-ne-zradzhujuchi-sebe.html
I, [2024-11-10T13:43:42.898504 #11796]  INFO -- : Parsing product page: https://www.yakaboo.ua/ua/ce-marketing.html
I, [2024-11-10T13:43:42.901454 #11796]  INFO -- : Parsing product page: https://www.yakaboo.ua/ua/podumaj-znovu-sila-rozuminnja-vlasnogo-neznannja.html
I, [2024-11-10T13:43:42.902509 #11796]  INFO -- : Parsing product page: https://www.yakaboo.ua/ua/psyhologija-vplyvu.html
I, [2024-11-10T13:43:42.919990 #11796]  INFO -- : Parsing product page: https://www.yakaboo.ua/ua/nikoli-ne-izhte-naodinci-ta-inshi-sekreti-uspihu-zavdjaki-shirokomu.html
I, [2024-11-10T13:43:42.921590 #11796]  INFO -- : Parsing product page: https://www.yakaboo.ua/ua/schastja-z-dostavkoju-kljuch-do-pributku-nathnennja-j-meti.html
I, [2024-11-10T13:43:42.938264 #11796]  INFO -- : Parsing product page: https://www.yakaboo.ua/ua/anna-biografija.html
I, [2024-11-10T13:43:42.939605 #11796]  INFO -- : Parsing product page: https://www.yakaboo.ua/ua/bezkontrol-ni-scho-treba-znati-pro-biznes-procesi.html
I, [2024-11-10T13:43:42.940626 #11796]  INFO -- : Parsing product page: https://www.yakaboo.ua/ua/48-zakoniv-vladi-1788522.html
I, [2024-11-10T13:43:42.942018 #11796]  INFO -- : Parsing product page: https://www.yakaboo.ua/ua/vitrimati-vse-rozum-tilo-ta-navdivovizhu-gnuchki-mezhi-ljuds-koi-vitrivalosti.html
I, [2024-11-10T13:43:42.943154 #11796]  INFO -- : Parsing product page: https://www.yakaboo.ua/ua/esencializm-mictectvo-viznachati-ppiopiteti.html
I, [2024-11-10T13:43:42.944157 #11796]  INFO -- : Parsing product page: https://www.yakaboo.ua/ua/jak-spilkuvatisja-z-psihami.html
I, [2024-11-10T13:43:42.952127 #11796]  INFO -- : Parsing product page: https://www.yakaboo.ua/ua/dumaj-i-bagatij-1606035.html
I, [2024-11-10T13:43:42.954733 #11796]  INFO -- : Parsing product page: https://www.yakaboo.ua/ua/ekonomika-z-dvoma-iksami-grandioznij-potencial-zhinochoi-nezalezhnosti.html
I, [2024-11-10T13:43:42.956205 #11796]  INFO -- : Parsing product page: https://www.yakaboo.ua/ua/empatija-v-biznesi-cinnist-spivperezhivannja-jak-dvigun-uspihu.html
I, [2024-11-10T13:43:42.963184 #11796]  INFO -- : Parsing product page: https://www.yakaboo.ua/ua/kniga-meta-proces-bezperervnogo-vdoskonalennja-nova-obkl-elijagu-goldratt-dzheff-koks.html
I, [2024-11-10T13:43:42.965971 #11796]  INFO -- : Parsing product page: https://www.yakaboo.ua/ua/emocijnij-intelekt-u-biznesi-jak-stati-uspishnim-u-zhitti-ta-kar-eri.html
I, [2024-11-10T13:43:42.984290 #11796]  INFO -- : Parsing product page: https://www.yakaboo.ua/ua/reputacijnij-antistres-instruktor-dlja-vlasnikiv-i-top-menedzheriv-biznesu.html
I, [2024-11-10T13:43:42.985172 #11796]  INFO -- : Parsing product page: https://www.yakaboo.ua/ua/hucpa-chomu-izrail-stav-svitovim-centrom-innovacij-ta-pidpriemnictva.html
I, [2024-11-10T13:43:42.987118 #11796]  INFO -- : Parsing product page: https://www.yakaboo.ua/ua/bodo-shefer-komplekt-iz-2-knig.html
I, [2024-11-10T13:43:42.987268 #11796]  INFO -- : Parsing product page: https://www.yakaboo.ua/ua/komplekt-knizhok-brendona-vebba-komplekt-iz-2-knig.html
I, [2024-11-10T13:43:42.988847 #11796]  INFO -- : Parsing product page: https://www.yakaboo.ua/ua/rozumnij-investor-strategija-vartisnogo-investuvannja.html
I, [2024-11-10T13:43:43.017231 #11796]  INFO -- : Parsing product page: https://www.yakaboo.ua/ua/bereschak-viktorija-komunikacijna-strategija-v-biznesi-jak-dosjagti-maksimumu-v-spilkuvanni-z-auditorieju.html
I, [2024-11-10T13:43:43.019144 #11796]  INFO -- : Parsing product page: https://www.yakaboo.ua/ua/zakoni-peremozhciv-jak-zdijsniti-cvoi-mrii.html
I, [2024-11-10T13:43:43.019302 #11796]  INFO -- : Parsing product page: https://www.yakaboo.ua/ua/superhabi-jak-finansovi-eliti-ta-ihni-merezhi-kerujut-svitom.html
I, [2024-11-10T13:43:43.021026 #11796]  INFO -- : Parsing product page: https://www.yakaboo.ua/ua/peremovini-bez-porazki-garvards-kij-metod.html
I, [2024-11-10T13:43:43.103769 #11796]  INFO -- : Processed file: Item initialized: 
I, [2024-11-10T13:43:43.130230 #11796]  INFO -- : Parsing product page: https://www.yakaboo.ua/ua/jak-zdobuvati-druziv-i-vplivati-na-ljudej-3057818.html
I, [2024-11-10T13:43:43.170614 #11796]  INFO -- : Processed file: Item initialized: 
I, [2024-11-10T13:43:43.172758 #11796]  INFO -- : Parsing product page: https://www.yakaboo.ua/ua/ljubov-ta-bjudzhet-domashni-finansi-dlja-simejnih-par-na-shljahu-do-finansovoi-svobodi-onovlene-vidannja.html
I, [2024-11-10T13:43:43.170936 #11796]  INFO -- : Parsing product page: https://www.yakaboo.ua/ua/marketingovi-vijni.html
I, [2024-11-10T13:43:43.180624 #11796]  INFO -- : Parsing product page: https://www.yakaboo.ua/ua/komplekt-knizhok-ljubomira-ostapiva.html
I, [2024-11-10T13:43:43.182020 #11796]  INFO -- : Parsing product page: https://www.yakaboo.ua/ua/lean-ux-stvorennja-klasnih-produktiv-iz-komandami-agile.html
I, [2024-11-10T13:43:43.180790 #11796]  INFO -- : Parsing product page: https://www.yakaboo.ua/ua/antikrihkist-pro-ne-vrazlive-u-real-nomu-zhitti-2254555.html
I, [2024-11-10T13:43:43.214266 #11796]  INFO -- : Processed file: Item initialized: 
I, [2024-11-10T13:43:43.225381 #11796]  INFO -- : Parsing product page: https://www.yakaboo.ua/ua/pricil-jak-prijmati-kraschi-rishennja-koli-ves-svit-proti-tebe.html
I, [2024-11-10T13:43:43.277359 #11796]  INFO -- : Processed file: Item initialized: 
I, [2024-11-10T13:43:43.303647 #11796]  INFO -- : Processed file: Item initialized: 
I, [2024-11-10T13:43:43.329788 #11796]  INFO -- : Processed file: Item initialized: 
I, [2024-11-10T13:43:43.334555 #11796]  INFO -- : Parsing product page: https://www.yakaboo.ua/ua/ofis-buddi-davne-mistectvo-probuddzhennja-cherez-sumlinnu-robotu.html
I, [2024-11-10T13:43:43.376786 #11796]  INFO -- : Processed file: Item initialized: 
I, [2024-11-10T13:43:43.380956 #11796]  INFO -- : Parsing product page: https://www.yakaboo.ua/ua/rework-cja-kniga-pereverne-vash-pogljad-na-biznes.html
I, [2024-11-10T13:43:43.411964 #11796]  INFO -- : Processed file: Item initialized: 
I, [2024-11-10T13:43:43.451499 #11796]  INFO -- : Processed file: Item initialized: 
I, [2024-11-10T13:43:43.499422 #11796]  INFO -- : Processed file: Item initialized: 
I, [2024-11-10T13:43:43.550442 #11796]  INFO -- : Processed file: Item initialized: 
I, [2024-11-10T13:43:43.554549 #11796]  INFO -- : Parsing product page: https://www.yakaboo.ua/ua/mif-dosvidu-chomu-mi-zasvojuemo-hibni-uroki-i-jak-ce-vipraviti.html
I, [2024-11-10T13:43:43.564524 #11796]  INFO -- : Parsing product page: https://www.yakaboo.ua/ua/priborkati-strah-dosvid-mors-kogo-kotika.html
I, [2024-11-10T13:43:43.571305 #11796]  INFO -- : Parsing product page: https://www.yakaboo.ua/ua/instinkt-pereproshivka-dlja-mozku-jaka-pidvischit-vashu-produktivnist.html
I, [2024-11-10T13:43:43.602198 #11796]  INFO -- : Processed file: Item initialized: 
I, [2024-11-10T13:43:43.630461 #11796]  INFO -- : Processed file: Item initialized: 
I, [2024-11-10T13:43:43.667596 #11796]  INFO -- : Processed file: Item initialized: 
I, [2024-11-10T13:43:43.694201 #11796]  INFO -- : Processed file: Item initialized: 
I, [2024-11-10T13:43:43.790832 #11796]  INFO -- : Saved product image: media_dir/products/.jpg
I, [2024-11-10T13:43:43.722363 #11796]  INFO -- : Processed file: Item initialized: 
I, [2024-11-10T13:43:43.758137 #11796]  INFO -- : Processed file: Item initialized: 
I, [2024-11-10T13:43:43.790915 #11796]  INFO -- : Saved product image: media_dir/products/.jpg
I, [2024-11-10T13:43:43.793286 #11796]  INFO -- : Saved product image: media_dir/products/.jpg
I, [2024-11-10T13:43:43.793364 #11796]  INFO -- : Saved product image: media_dir/products/.jpg
I, [2024-11-10T13:43:43.793480 #11796]  INFO -- : Saved product image: media_dir/products/.jpg
I, [2024-11-10T13:43:43.786400 #11796]  INFO -- : Processed file: Item initialized: 
I, [2024-11-10T13:43:43.830824 #11796]  INFO -- : Processed file: Item initialized: 
I, [2024-11-10T13:43:43.922270 #11796]  INFO -- : Saved product image: media_dir/products/.jpg
I, [2024-11-10T13:43:43.880231 #11796]  INFO -- : Processed file: Item initialized: 
I, [2024-11-10T13:43:43.922374 #11796]  INFO -- : Saved product image: media_dir/products/.jpg
I, [2024-11-10T13:43:43.922439 #11796]  INFO -- : Saved product image: media_dir/products/.jpg
I, [2024-11-10T13:43:43.917145 #11796]  INFO -- : Processed file: Item initialized: 
I, [2024-11-10T13:43:43.924549 #11796]  INFO -- : Saved product image: media_dir/products/.jpg
I, [2024-11-10T13:43:43.924659 #11796]  INFO -- : Saved product image: media_dir/products/.jpg
I, [2024-11-10T13:43:43.955491 #11796]  INFO -- : Processed file: Item initialized: 
I, [2024-11-10T13:43:43.984113 #11796]  INFO -- : Processed file: Item initialized: 
I, [2024-11-10T13:43:44.017727 #11796]  INFO -- : Processed file: Item initialized: 
I, [2024-11-10T13:43:44.159522 #11796]  INFO -- : Processed file: Item initialized: 
I, [2024-11-10T13:43:44.212876 #11796]  INFO -- : Processed file: Item initialized: 
I, [2024-11-10T13:43:44.242482 #11796]  INFO -- : Saved product image: media_dir/products/.jpg
I, [2024-11-10T13:43:44.278808 #11796]  INFO -- : Saved product image: media_dir/products/.jpg
I, [2024-11-10T13:43:44.280082 #11796]  INFO -- : Saved product image: media_dir/products/.jpg
I, [2024-11-10T13:43:44.131247 #11796]  INFO -- : Saved product image: media_dir/products/.jpg
I, [2024-11-10T13:43:44.046692 #11796]  INFO -- : Processed file: Item initialized: 
I, [2024-11-10T13:43:44.184243 #11796]  INFO -- : Processed file: Item initialized: 
I, [2024-11-10T13:43:44.395700 #11796]  INFO -- : Saved product image: media_dir/products/.jpg
I, [2024-11-10T13:43:44.077613 #11796]  INFO -- : Processed file: Item initialized: 
I, [2024-11-10T13:43:44.240154 #11796]  INFO -- : Processed file: Item initialized: 
I, [2024-11-10T13:43:44.406432 #11796]  INFO -- : Saved product image: media_dir/products/.jpg
I, [2024-11-10T13:43:44.101684 #11796]  INFO -- : Processed file: Item initialized: 
I, [2024-11-10T13:43:44.272127 #11796]  INFO -- : Processed file: Item initialized: 
I, [2024-11-10T13:43:44.278893 #11796]  INFO -- : Saved product image: media_dir/products/.jpg
I, [2024-11-10T13:43:44.128348 #11796]  INFO -- : Processed file: Item initialized: 
I, [2024-11-10T13:43:44.280259 #11796]  INFO -- : Saved product image: media_dir/products/.jpg
I, [2024-11-10T13:43:44.129067 #11796]  INFO -- : Saved product image: media_dir/products/.jpg
I, [2024-11-10T13:43:44.306903 #11796]  INFO -- : Processed file: Item initialized: 
I, [2024-11-10T13:43:44.333503 #11796]  INFO -- : Processed file: Item initialized: 
I, [2024-11-10T13:43:44.337277 #11796]  INFO -- : Saved product image: media_dir/products/.jpg
I, [2024-11-10T13:43:44.337346 #11796]  INFO -- : Saved product image: media_dir/products/.jpg
I, [2024-11-10T13:43:44.363440 #11796]  INFO -- : Processed file: Item initialized: 
I, [2024-11-10T13:43:44.393348 #11796]  INFO -- : Processed file: Item initialized: 
I, [2024-11-10T13:43:44.213738 #11796]  INFO -- : Saved product image: media_dir/products/.jpg
I, [2024-11-10T13:43:44.272351 #11796]  INFO -- : Saved product image: media_dir/products/.jpg
I, [2024-11-10T13:43:44.443301 #11796]  INFO -- : Processed file: Item initialized: 
I, [2024-11-10T13:43:44.590946 #11796]  INFO -- : Processed file: Item initialized: 
I, [2024-11-10T13:43:44.555583 #11796]  INFO -- : Processed file: Item initialized: 
I, [2024-11-10T13:43:44.495297 #11796]  INFO -- : Processed file: Item initialized: 
I, [2024-11-10T13:43:44.591407 #11796]  INFO -- : Saved product image: media_dir/products/.jpg
I, [2024-11-10T13:43:44.658319 #11796]  INFO -- : Saved product image: media_dir/products/.jpg
I, [2024-11-10T13:43:44.654428 #11796]  INFO -- : Processed file: Item initialized: 
I, [2024-11-10T13:43:44.658499 #11796]  INFO -- : Saved product image: media_dir/products/.jpg
I, [2024-11-10T13:43:44.620996 #11796]  INFO -- : Processed file: Item initialized: 
I, [2024-11-10T13:43:44.746655 #11796]  INFO -- : Saved product image: media_dir/products/.jpg
I, [2024-11-10T13:43:44.685373 #11796]  INFO -- : Processed file: Item initialized: 
I, [2024-11-10T13:43:44.711768 #11796]  INFO -- : Processed file: Item initialized: 
I, [2024-11-10T13:43:44.746841 #11796]  INFO -- : Saved product image: media_dir/products/.jpg
I, [2024-11-10T13:43:44.746903 #11796]  INFO -- : Saved product image: media_dir/products/.jpg
I, [2024-11-10T13:43:44.779218 #11796]  INFO -- : Saved product image: media_dir/products/.jpg
I, [2024-11-10T13:43:44.746953 #11796]  INFO -- : Saved product image: media_dir/products/.jpg
I, [2024-11-10T13:43:44.773456 #11796]  INFO -- : Processed file: Item initialized: 
I, [2024-11-10T13:43:44.779020 #11796]  INFO -- : Saved product image: media_dir/products/.jpg
I, [2024-11-10T13:43:44.739461 #11796]  INFO -- : Processed file: Item initialized: 
I, [2024-11-10T13:43:44.803403 #11796]  INFO -- : Processed file: Item initialized: 
I, [2024-11-10T13:43:44.827550 #11796]  INFO -- : Processed file: Item initialized: 
I, [2024-11-10T13:43:44.837202 #11796]  INFO -- : Saved product image: media_dir/products/.jpg
I, [2024-11-10T13:43:44.837329 #11796]  INFO -- : Saved product image: media_dir/products/.jpg
I, [2024-11-10T13:43:44.837404 #11796]  INFO -- : Saved product image: media_dir/products/.jpg
I, [2024-11-10T13:43:44.862941 #11796]  INFO -- : Processed file: Item initialized: 
I, [2024-11-10T13:43:44.864937 #11796]  INFO -- : Saved product image: media_dir/products/.jpg
I, [2024-11-10T13:43:44.882251 #11796]  INFO -- : Saved product image: media_dir/products/.jpg
I, [2024-11-10T13:43:44.903759 #11796]  INFO -- : Saved product image: media_dir/products/.jpg
I, [2024-11-10T13:43:44.917419 #11796]  INFO -- : Saved product image: media_dir/products/.jpg
I, [2024-11-10T13:43:44.982730 #11796]  INFO -- : Saved product image: media_dir/products/.jpg
I, [2024-11-10T13:43:45.014602 #11796]  INFO -- : Saved product image: media_dir/products/.jpg
I, [2024-11-10T13:43:45.035929 #11796]  INFO -- : Saved product image: media_dir/products/.jpg
I, [2024-11-10T13:43:45.068077 #11796]  INFO -- : Saved product image: media_dir/products/.jpg
I, [2024-11-10T13:43:45.068203 #11796]  INFO -- : Saved product image: media_dir/products/.jpg
I, [2024-11-10T13:43:45.087794 #11796]  INFO -- : Saved product image: media_dir/products/.jpg
I, [2024-11-10T13:43:45.098720 #11796]  INFO -- : Saved product image: media_dir/products/.jpg
I, [2024-11-10T13:43:45.115722 #11796]  INFO -- : Saved product image: media_dir/products/.jpg
I, [2024-11-10T13:43:45.115822 #11796]  INFO -- : Saved product image: media_dir/products/.jpg
I, [2024-11-10T13:43:45.148232 #11796]  INFO -- : Saved product image: media_dir/products/.jpg
I, [2024-11-10T13:43:45.148333 #11796]  INFO -- : Saved product image: media_dir/products/.jpg
I, [2024-11-10T13:43:45.362779 #11796]  INFO -- : Starting parsing from https://www.yakaboo.ua/ua/knigi/business-money-economy.html
I, [2024-11-10T13:43:45.706188 #11796]  INFO -- : Found 50 product links to process.
I, [2024-11-10T13:43:46.077873 #11796]  INFO -- : Parsing product page: https://www.yakaboo.ua/ua/bereschak-viktorija-komunikacijna-strategija-v-biznesi-jak-dosjagti-maksimumu-v-spilkuvanni-z-auditorieju.html
I, [2024-11-10T13:43:46.080346 #11796]  INFO -- : Parsing product page: https://www.yakaboo.ua/ua/ofis-buddi-davne-mistectvo-probuddzhennja-cherez-sumlinnu-robotu.html
I, [2024-11-10T13:43:46.080542 #11796]  INFO -- : Parsing product page: https://www.yakaboo.ua/ua/instinkt-pereproshivka-dlja-mozku-jaka-pidvischit-vashu-produktivnist.html
I, [2024-11-10T13:43:46.082278 #11796]  INFO -- : Parsing product page: https://www.yakaboo.ua/ua/sadoterapija-jak-pozbutisja-bur-janiv-u-golovi.html
I, [2024-11-10T13:43:46.182785 #11796]  INFO -- : Parsing product page: https://www.yakaboo.ua/ua/dumaj-i-bagatij-1606035.html
I, [2024-11-10T13:43:46.185223 #11796]  INFO -- : Parsing product page: https://www.yakaboo.ua/ua/jak-zdobuvati-druziv-i-vplivati-na-ljudej-3057818.html
I, [2024-11-10T13:43:46.189058 #11796]  INFO -- : Parsing product page: https://www.yakaboo.ua/ua/mistectvo-govoriti-taemnici-efektivnogo-spilkuvannja.html
I, [2024-11-10T13:43:46.192483 #11796]  INFO -- : Parsing product page: https://www.yakaboo.ua/ua/48-zakoniv-vladi-1788522.html
I, [2024-11-10T13:43:46.213955 #11796]  INFO -- : Parsing product page: https://www.yakaboo.ua/ua/kniga-meta-proces-bezperervnogo-vdoskonalennja-nova-obkl-elijagu-goldratt-dzheff-koks.html
I, [2024-11-10T13:43:46.214950 #11796]  INFO -- : Parsing product page: https://www.yakaboo.ua/ua/mif-dosvidu-chomu-mi-zasvojuemo-hibni-uroki-i-jak-ce-vipraviti.html
I, [2024-11-10T13:43:46.216221 #11796]  INFO -- : Parsing product page: https://www.yakaboo.ua/ua/marketingovi-vijni.html
I, [2024-11-10T13:43:46.216394 #11796]  INFO -- : Parsing product page: https://www.yakaboo.ua/ua/priborkati-strah-dosvid-mors-kogo-kotika.html
I, [2024-11-10T13:43:46.228546 #11796]  INFO -- : Parsing product page: https://www.yakaboo.ua/ua/ekonomika-z-dvoma-iksami-grandioznij-potencial-zhinochoi-nezalezhnosti.html
I, [2024-11-10T13:43:46.229551 #11796]  INFO -- : Parsing product page: https://www.yakaboo.ua/ua/podumaj-znovu-sila-rozuminnja-vlasnogo-neznannja.html
I, [2024-11-10T13:43:46.231235 #11796]  INFO -- : Parsing product page: https://www.yakaboo.ua/ua/peremovini-bez-porazki-garvards-kij-metod.html
I, [2024-11-10T13:43:46.232266 #11796]  INFO -- : Parsing product page: https://www.yakaboo.ua/ua/curly-menedzhment-jak-upravljati-proektami-ne-zradzhujuchi-sebe.html
I, [2024-11-10T13:43:46.232900 #11796]  INFO -- : Parsing product page: https://www.yakaboo.ua/ua/ce-marketing.html
I, [2024-11-10T13:43:46.235508 #11796]  INFO -- : Parsing product page: https://www.yakaboo.ua/ua/bodo-shefer-komplekt-iz-2-knig.html
I, [2024-11-10T13:43:46.236429 #11796]  INFO -- : Parsing product page: https://www.yakaboo.ua/ua/psihologija-vplivu-onovleno-ta-dopovneno-2351481.html
I, [2024-11-10T13:43:46.236931 #11796]  INFO -- : Parsing product page: https://www.yakaboo.ua/ua/anna-biografija.html
I, [2024-11-10T13:43:46.237888 #11796]  INFO -- : Parsing product page: https://www.yakaboo.ua/ua/psyhologija-vplyvu.html
I, [2024-11-10T13:43:46.238049 #11796]  INFO -- : Parsing product page: https://www.yakaboo.ua/ua/jak-rozmovljati-bud-z-kim-bud-koli-i-bud-de.html
I, [2024-11-10T13:43:46.238708 #11796]  INFO -- : Parsing product page: https://www.yakaboo.ua/ua/superhabi-jak-finansovi-eliti-ta-ihni-merezhi-kerujut-svitom.html
I, [2024-11-10T13:43:46.246288 #11796]  INFO -- : Parsing product page: https://www.yakaboo.ua/ua/pravila-investuvannja-vorrena-baffeta-jak-zberigati-ta-primnozhuvati-kapital.html
I, [2024-11-10T13:43:46.250536 #11796]  INFO -- : Parsing product page: https://www.yakaboo.ua/ua/reputacijnij-antistres-instruktor-dlja-vlasnikiv-i-top-menedzheriv-biznesu.html
I, [2024-11-10T13:43:46.250771 #11796]  INFO -- : Parsing product page: https://www.yakaboo.ua/ua/komplekt-knizhok-brendona-vebba-komplekt-iz-2-knig.html
I, [2024-11-10T13:43:46.252413 #11796]  INFO -- : Parsing product page: https://www.yakaboo.ua/ua/zkonomika-jak-pokolinnja-z-zminjue-majbutne-biznesu.html
I, [2024-11-10T13:43:46.253408 #11796]  INFO -- : Parsing product page: https://www.yakaboo.ua/ua/pricil-jak-prijmati-kraschi-rishennja-koli-ves-svit-proti-tebe.html
I, [2024-11-10T13:43:46.252813 #11796]  INFO -- : Parsing product page: https://www.yakaboo.ua/ua/rozumnij-investor-strategija-vartisnogo-investuvannja.html
I, [2024-11-10T13:43:46.252939 #11796]  INFO -- : Parsing product page: https://www.yakaboo.ua/ua/schastja-z-dostavkoju-kljuch-do-pributku-nathnennja-j-meti.html
I, [2024-11-10T13:43:46.252668 #11796]  INFO -- : Parsing product page: https://www.yakaboo.ua/ua/emocijnij-intelekt-u-biznesi-jak-stati-uspishnim-u-zhitti-ta-kar-eri.html
I, [2024-11-10T13:43:46.260280 #11796]  INFO -- : Parsing product page: https://www.yakaboo.ua/ua/ljubov-ta-bjudzhet-domashni-finansi-dlja-simejnih-par-na-shljahu-do-finansovoi-svobodi-onovlene-vidannja.html
I, [2024-11-10T13:43:46.263598 #11796]  INFO -- : Parsing product page: https://www.yakaboo.ua/ua/kniga-majstri-masshtabuvannja-neochevidni-istini-vid-najuspishnishih-pidpriemciv-svitu-rid-gofman-dzhu.html
I, [2024-11-10T13:43:46.264915 #11796]  INFO -- : Parsing product page: https://www.yakaboo.ua/ua/riznobarvnij-menedzhment.html
I, [2024-11-10T13:43:46.265772 #11796]  INFO -- : Parsing product page: https://www.yakaboo.ua/ua/bezkontrol-ni-scho-treba-znati-pro-biznes-procesi.html
I, [2024-11-10T13:43:46.266865 #11796]  INFO -- : Parsing product page: https://www.yakaboo.ua/ua/hucpa-chomu-izrail-stav-svitovim-centrom-innovacij-ta-pidpriemnictva.html
I, [2024-11-10T13:43:46.267012 #11796]  INFO -- : Parsing product page: https://www.yakaboo.ua/ua/nikoli-ne-izhte-naodinci-ta-inshi-sekreti-uspihu-zavdjaki-shirokomu.html
I, [2024-11-10T13:43:46.275400 #11796]  INFO -- : Parsing product page: https://www.yakaboo.ua/ua/antikrihkist-pro-ne-vrazlive-u-real-nomu-zhitti-2254555.html
I, [2024-11-10T13:43:46.276682 #11796]  INFO -- : Parsing product page: https://www.yakaboo.ua/ua/komplekt-emocijnij-intelekt-komplekt-z-2-knig.html
I, [2024-11-10T13:43:46.291690 #11796]  INFO -- : Parsing product page: https://www.yakaboo.ua/ua/zakoni-peremozhciv-jak-zdijsniti-cvoi-mrii.html
I, [2024-11-10T13:43:46.292597 #11796]  INFO -- : Parsing product page: https://www.yakaboo.ua/ua/riznobarvnij-menedzhment-1580096.html
I, [2024-11-10T13:43:46.292860 #11796]  INFO -- : Parsing product page: https://www.yakaboo.ua/ua/komplekt-knizhok-ljubomira-ostapiva.html
I, [2024-11-10T13:43:46.294832 #11796]  INFO -- : Parsing product page: https://www.yakaboo.ua/ua/empatija-v-biznesi-cinnist-spivperezhivannja-jak-dvigun-uspihu.html
I, [2024-11-10T13:43:46.296007 #11796]  INFO -- : Parsing product page: https://www.yakaboo.ua/ua/rework-cja-kniga-pereverne-vash-pogljad-na-biznes.html
I, [2024-11-10T13:43:46.296131 #11796]  INFO -- : Parsing product page: https://www.yakaboo.ua/ua/nikoli-ne-jdit-na-kompromis-tehnika-efektivnih-peregovoriv.html
I, [2024-11-10T13:43:46.296248 #11796]  INFO -- : Parsing product page: https://www.yakaboo.ua/ua/jak-spilkuvatisja-z-psihami.html
I, [2024-11-10T13:43:46.316097 #11796]  INFO -- : Parsing product page: https://www.yakaboo.ua/ua/lean-ux-stvorennja-klasnih-produktiv-iz-komandami-agile.html
I, [2024-11-10T13:43:46.316879 #11796]  INFO -- : Parsing product page: https://www.yakaboo.ua/ua/vitrimati-vse-rozum-tilo-ta-navdivovizhu-gnuchki-mezhi-ljuds-koi-vitrivalosti.html
I, [2024-11-10T13:43:46.317369 #11796]  INFO -- : Parsing product page: https://www.yakaboo.ua/ua/esencializm-mictectvo-viznachati-ppiopiteti.html
I, [2024-11-10T13:43:46.318150 #11796]  INFO -- : Parsing product page: https://www.yakaboo.ua/ua/dumaj-i-bagatij-2217783.html
I, [2024-11-10T13:43:46.451030 #11796]  INFO -- : Processed file: Item initialized: 
I, [2024-11-10T13:43:46.479655 #11796]  INFO -- : Processed file: Item initialized: 
I, [2024-11-10T13:43:46.514755 #11796]  INFO -- : Processed file: Item initialized: 
I, [2024-11-10T13:43:46.550535 #11796]  INFO -- : Processed file: Item initialized: 
I, [2024-11-10T13:43:46.598199 #11796]  INFO -- : Processed file: Item initialized: 
I, [2024-11-10T13:43:46.692103 #11796]  INFO -- : Processed file: Item initialized: 
I, [2024-11-10T13:43:46.723904 #11796]  INFO -- : Processed file: Item initialized: 
I, [2024-11-10T13:43:46.765284 #11796]  INFO -- : Processed file: Item initialized: 
I, [2024-11-10T13:43:46.788703 #11796]  INFO -- : Processed file: Item initialized: 
I, [2024-11-10T13:43:46.813285 #11796]  INFO -- : Processed file: Item initialized: 
I, [2024-11-10T13:43:46.854706 #11796]  INFO -- : Processed file: Item initialized: 
I, [2024-11-10T13:43:46.878718 #11796]  INFO -- : Processed file: Item initialized: 
I, [2024-11-10T13:43:46.903767 #11796]  INFO -- : Processed file: Item initialized: 
I, [2024-11-10T13:43:46.963791 #11796]  INFO -- : Processed file: Item initialized: 
I, [2024-11-10T13:43:46.939488 #11796]  INFO -- : Processed file: Item initialized: 
I, [2024-11-10T13:43:46.990434 #11796]  INFO -- : Processed file: Item initialized: 
I, [2024-11-10T13:43:47.166509 #11796]  INFO -- : Processed file: Item initialized: 
I, [2024-11-10T13:43:47.013418 #11796]  INFO -- : Processed file: Item initialized: 
I, [2024-11-10T13:43:47.174092 #11796]  INFO -- : Saved product image: media_dir/products/.jpg
I, [2024-11-10T13:43:47.078878 #11796]  INFO -- : Processed file: Item initialized: 
I, [2024-11-10T13:43:47.139511 #11796]  INFO -- : Processed file: Item initialized: 
I, [2024-11-10T13:43:47.314724 #11796]  INFO -- : Processed file: Item initialized: 
I, [2024-11-10T13:43:47.320352 #11796]  INFO -- : Saved product image: media_dir/products/.jpg
I, [2024-11-10T13:43:47.174309 #11796]  INFO -- : Saved product image: media_dir/products/.jpg
I, [2024-11-10T13:43:47.383349 #11796]  INFO -- : Saved product image: media_dir/products/.jpg
I, [2024-11-10T13:43:47.048376 #11796]  INFO -- : Processed file: Item initialized: 
I, [2024-11-10T13:43:47.108047 #11796]  INFO -- : Processed file: Item initialized: 
I, [2024-11-10T13:43:47.203480 #11796]  INFO -- : Processed file: Item initialized: 
I, [2024-11-10T13:43:47.485907 #11796]  INFO -- : Saved product image: media_dir/products/.jpg
I, [2024-11-10T13:43:47.203964 #11796]  INFO -- : Saved product image: media_dir/products/.jpg
I, [2024-11-10T13:43:47.545370 #11796]  INFO -- : Processed file: Item initialized: 
I, [2024-11-10T13:43:47.204108 #11796]  INFO -- : Saved product image: media_dir/products/.jpg
I, [2024-11-10T13:43:47.231000 #11796]  INFO -- : Processed file: Item initialized: 
I, [2024-11-10T13:43:47.288634 #11796]  INFO -- : Processed file: Item initialized: 
I, [2024-11-10T13:43:47.320447 #11796]  INFO -- : Saved product image: media_dir/products/.jpg
I, [2024-11-10T13:43:47.167838 #11796]  INFO -- : Saved product image: media_dir/products/.jpg
I, [2024-11-10T13:43:47.174243 #11796]  INFO -- : Saved product image: media_dir/products/.jpg
I, [2024-11-10T13:43:47.346743 #11796]  INFO -- : Processed file: Item initialized: 
I, [2024-11-10T13:43:47.374301 #11796]  INFO -- : Processed file: Item initialized: 
I, [2024-11-10T13:43:47.376845 #11796]  INFO -- : Saved product image: media_dir/products/.jpg
I, [2024-11-10T13:43:47.383446 #11796]  INFO -- : Saved product image: media_dir/products/.jpg
I, [2024-11-10T13:43:47.174365 #11796]  INFO -- : Saved product image: media_dir/products/.jpg
I, [2024-11-10T13:43:47.409933 #11796]  INFO -- : Processed file: Item initialized: 
I, [2024-11-10T13:43:47.439322 #11796]  INFO -- : Processed file: Item initialized: 
I, [2024-11-10T13:43:47.481322 #11796]  INFO -- : Processed file: Item initialized: 
I, [2024-11-10T13:43:47.486814 #11796]  INFO -- : Saved product image: media_dir/products/.jpg
I, [2024-11-10T13:43:47.204056 #11796]  INFO -- : Saved product image: media_dir/products/.jpg
I, [2024-11-10T13:43:47.517495 #11796]  INFO -- : Processed file: Item initialized: 
I, [2024-11-10T13:43:47.517659 #11796]  INFO -- : Saved product image: media_dir/products/.jpg
I, [2024-11-10T13:43:47.545785 #11796]  INFO -- : Saved product image: media_dir/products/.jpg
I, [2024-11-10T13:43:47.257572 #11796]  INFO -- : Processed file: Item initialized: 
I, [2024-11-10T13:43:47.578954 #11796]  INFO -- : Processed file: Item initialized: 
I, [2024-11-10T13:43:47.603695 #11796]  INFO -- : Processed file: Item initialized: 
I, [2024-11-10T13:43:47.604555 #11796]  INFO -- : Saved product image: media_dir/products/.jpg
I, [2024-11-10T13:43:47.604613 #11796]  INFO -- : Saved product image: media_dir/products/.jpg
I, [2024-11-10T13:43:47.650246 #11796]  INFO -- : Processed file: Item initialized: 
I, [2024-11-10T13:43:47.655411 #11796]  INFO -- : Saved product image: media_dir/products/.jpg
I, [2024-11-10T13:43:47.655548 #11796]  INFO -- : Saved product image: media_dir/products/.jpg
I, [2024-11-10T13:43:47.685092 #11796]  INFO -- : Processed file: Item initialized: 
I, [2024-11-10T13:43:47.779555 #11796]  INFO -- : Saved product image: media_dir/products/.jpg
I, [2024-11-10T13:43:47.713654 #11796]  INFO -- : Processed file: Item initialized: 
I, [2024-11-10T13:43:47.745650 #11796]  INFO -- : Processed file: Item initialized: 
I, [2024-11-10T13:43:47.779695 #11796]  INFO -- : Saved product image: media_dir/products/.jpg
I, [2024-11-10T13:43:47.804197 #11796]  INFO -- : Processed file: Item initialized: 
I, [2024-11-10T13:43:47.915687 #11796]  INFO -- : Saved product image: media_dir/products/.jpg
I, [2024-11-10T13:43:47.831063 #11796]  INFO -- : Processed file: Item initialized: 
I, [2024-11-10T13:43:47.875173 #11796]  INFO -- : Processed file: Item initialized: 
I, [2024-11-10T13:43:48.048030 #11796]  INFO -- : Saved product image: media_dir/products/.jpg
I, [2024-11-10T13:43:48.076896 #11796]  INFO -- : Saved product image: media_dir/products/.jpg
I, [2024-11-10T13:43:47.912327 #11796]  INFO -- : Saved product image: media_dir/products/.jpg
I, [2024-11-10T13:43:47.915796 #11796]  INFO -- : Saved product image: media_dir/products/.jpg
I, [2024-11-10T13:43:47.915874 #11796]  INFO -- : Saved product image: media_dir/products/.jpg
I, [2024-11-10T13:43:47.946802 #11796]  INFO -- : Processed file: Item initialized: 
I, [2024-11-10T13:43:47.976575 #11796]  INFO -- : Processed file: Item initialized: 
I, [2024-11-10T13:43:48.008730 #11796]  INFO -- : Processed file: Item initialized: 
I, [2024-11-10T13:43:48.009139 #11796]  INFO -- : Saved product image: media_dir/products/.jpg
I, [2024-11-10T13:43:48.009200 #11796]  INFO -- : Saved product image: media_dir/products/.jpg
I, [2024-11-10T13:43:48.042364 #11796]  INFO -- : Processed file: Item initialized: 
I, [2024-11-10T13:43:48.076287 #11796]  INFO -- : Processed file: Item initialized: 
I, [2024-11-10T13:43:47.912034 #11796]  INFO -- : Processed file: Item initialized: 
I, [2024-11-10T13:43:48.076419 #11796]  INFO -- : Saved product image: media_dir/products/.jpg
I, [2024-11-10T13:43:48.076561 #11796]  INFO -- : Saved product image: media_dir/products/.jpg
I, [2024-11-10T13:43:48.077364 #11796]  INFO -- : Saved product image: media_dir/products/.jpg
I, [2024-11-10T13:43:47.776132 #11796]  INFO -- : Processed file: Item initialized: 
I, [2024-11-10T13:43:48.078196 #11796]  INFO -- : Saved product image: media_dir/products/.jpg
I, [2024-11-10T13:43:48.100530 #11796]  INFO -- : Saved product image: media_dir/products/.jpg
I, [2024-11-10T13:43:48.100638 #11796]  INFO -- : Saved product image: media_dir/products/.jpg
I, [2024-11-10T13:43:48.148033 #11796]  INFO -- : Saved product image: media_dir/products/.jpg
I, [2024-11-10T13:43:48.194604 #11796]  INFO -- : Saved product image: media_dir/products/.jpg
I, [2024-11-10T13:43:48.263903 #11796]  INFO -- : Saved product image: media_dir/products/.jpg
I, [2024-11-10T13:43:48.264005 #11796]  INFO -- : Saved product image: media_dir/products/.jpg
I, [2024-11-10T13:43:48.291763 #11796]  INFO -- : Saved product image: media_dir/products/.jpg
I, [2024-11-10T13:43:48.324092 #11796]  INFO -- : Saved product image: media_dir/products/.jpg
I, [2024-11-10T13:43:48.354734 #11796]  INFO -- : Saved product image: media_dir/products/.jpg
I, [2024-11-10T13:43:48.355784 #11796]  INFO -- : Saved product image: media_dir/products/.jpg
I, [2024-11-10T13:43:48.385427 #11796]  INFO -- : Saved product image: media_dir/products/.jpg
I, [2024-11-10T13:43:48.402143 #11796]  INFO -- : Saved product image: media_dir/products/.jpg
I, [2024-11-10T13:43:48.466814 #11796]  INFO -- : Saved product image: media_dir/products/.jpg
I, [2024-11-10T13:43:48.466936 #11796]  INFO -- : Saved product image: media_dir/products/.jpg
I, [2024-11-10T13:43:48.516607 #11796]  INFO -- : Saved product image: media_dir/products/.jpg
